Logfile initialized
[INFO] logfile = D:\Developer\workspace\workspace_titanium\CarTrace-phone\build.log
[DEBUG] C:\Users\luke\AppData\Roaming\Titanium\mobilesdk\win32\3.1.3.GA\android\builder.py install CarTrace-Car D:\Developer\android\android-sdks D:\Developer\workspace\workspace_titanium\CarTrace-phone org.luke.ct.phone 4
[INFO] plugin=C:\Users\luke\AppData\Roaming\Titanium\plugins\ti.alloy\1.2.2\plugin.py
[INFO] Detected compiler plugin: ti.alloy/1.2.2
[INFO] Titanium SDK version: 3.1.3 (09/18/13 12:00 222f4d1)
[DEBUG] Waiting for device to be ready ...
[TRACE] adb devices returned 1 devices/emulators
[DEBUG] Device connected... (waited 0 seconds)
[DEBUG] waited 0.029000 seconds on emulator to get ready
[DEBUG] org.luke.ct.phone installed? False
[INFO] Copying CommonJS modules...
[INFO] Copying project resources..
[INFO] Detected change in tiapp.xml, or assets deleted. Forcing full re-build...
[TRACE] COPYING CREATED FILE: D:\Developer\workspace\workspace_titanium\CarTrace-phone\Resources\alloy\backbone.js => D:\Developer\workspace\workspace_titanium\CarTrace-phone\build\android\bin\assets\Resources\alloy\backbone.js
[TRACE] COPYING CREATED FILE: D:\Developer\workspace\workspace_titanium\CarTrace-phone\Resources\alloy\constants.js => D:\Developer\workspace\workspace_titanium\CarTrace-phone\build\android\bin\assets\Resources\alloy\constants.js
[TRACE] COPYING CREATED FILE: D:\Developer\workspace\workspace_titanium\CarTrace-phone\Resources\alloy\controllers\BaseController.js => D:\Developer\workspace\workspace_titanium\CarTrace-phone\build\android\bin\assets\Resources\alloy\controllers\BaseController.js
[TRACE] COPYING CREATED FILE: D:\Developer\workspace\workspace_titanium\CarTrace-phone\Resources\alloy\controllers\header.js => D:\Developer\workspace\workspace_titanium\CarTrace-phone\build\android\bin\assets\Resources\alloy\controllers\header.js
[TRACE] COPYING CREATED FILE: D:\Developer\workspace\workspace_titanium\CarTrace-phone\Resources\alloy\controllers\index.js => D:\Developer\workspace\workspace_titanium\CarTrace-phone\build\android\bin\assets\Resources\alloy\controllers\index.js
[TRACE] COPYING CREATED FILE: D:\Developer\workspace\workspace_titanium\CarTrace-phone\Resources\alloy\controllers\match.js => D:\Developer\workspace\workspace_titanium\CarTrace-phone\build\android\bin\assets\Resources\alloy\controllers\match.js
[TRACE] COPYING CREATED FILE: D:\Developer\workspace\workspace_titanium\CarTrace-phone\Resources\alloy\models\Mymatches.js => D:\Developer\workspace\workspace_titanium\CarTrace-phone\build\android\bin\assets\Resources\alloy\models\Mymatches.js
[TRACE] COPYING CREATED FILE: D:\Developer\workspace\workspace_titanium\CarTrace-phone\Resources\alloy\models\Myphones.js => D:\Developer\workspace\workspace_titanium\CarTrace-phone\build\android\bin\assets\Resources\alloy\models\Myphones.js
[TRACE] COPYING CREATED FILE: D:\Developer\workspace\workspace_titanium\CarTrace-phone\Resources\alloy\styles\header.js => D:\Developer\workspace\workspace_titanium\CarTrace-phone\build\android\bin\assets\Resources\alloy\styles\header.js
[TRACE] COPYING CREATED FILE: D:\Developer\workspace\workspace_titanium\CarTrace-phone\Resources\alloy\styles\index.js => D:\Developer\workspace\workspace_titanium\CarTrace-phone\build\android\bin\assets\Resources\alloy\styles\index.js
[TRACE] COPYING CREATED FILE: D:\Developer\workspace\workspace_titanium\CarTrace-phone\Resources\alloy\styles\match.js => D:\Developer\workspace\workspace_titanium\CarTrace-phone\build\android\bin\assets\Resources\alloy\styles\match.js
[TRACE] COPYING CREATED FILE: D:\Developer\workspace\workspace_titanium\CarTrace-phone\Resources\alloy\sync\localStorage.js => D:\Developer\workspace\workspace_titanium\CarTrace-phone\build\android\bin\assets\Resources\alloy\sync\localStorage.js
[TRACE] COPYING CREATED FILE: D:\Developer\workspace\workspace_titanium\CarTrace-phone\Resources\alloy\sync\properties.js => D:\Developer\workspace\workspace_titanium\CarTrace-phone\build\android\bin\assets\Resources\alloy\sync\properties.js
[TRACE] COPYING CREATED FILE: D:\Developer\workspace\workspace_titanium\CarTrace-phone\Resources\alloy\sync\sql.js => D:\Developer\workspace\workspace_titanium\CarTrace-phone\build\android\bin\assets\Resources\alloy\sync\sql.js
[TRACE] COPYING CREATED FILE: D:\Developer\workspace\workspace_titanium\CarTrace-phone\Resources\alloy\sync\util.js => D:\Developer\workspace\workspace_titanium\CarTrace-phone\build\android\bin\assets\Resources\alloy\sync\util.js
[TRACE] COPYING CREATED FILE: D:\Developer\workspace\workspace_titanium\CarTrace-phone\Resources\alloy\underscore.js => D:\Developer\workspace\workspace_titanium\CarTrace-phone\build\android\bin\assets\Resources\alloy\underscore.js
[TRACE] COPYING CREATED FILE: D:\Developer\workspace\workspace_titanium\CarTrace-phone\Resources\alloy\widget.js => D:\Developer\workspace\workspace_titanium\CarTrace-phone\build\android\bin\assets\Resources\alloy\widget.js
[TRACE] COPYING CREATED FILE: D:\Developer\workspace\workspace_titanium\CarTrace-phone\Resources\alloy.js => D:\Developer\workspace\workspace_titanium\CarTrace-phone\build\android\bin\assets\Resources\alloy.js
[TRACE] COPYING CREATED FILE: D:\Developer\workspace\workspace_titanium\CarTrace-phone\Resources\android\alloy\CFG.js => D:\Developer\workspace\workspace_titanium\CarTrace-phone\build\android\bin\assets\Resources\alloy\CFG.js
[TRACE] COPYING CREATED FILE: D:\Developer\workspace\workspace_titanium\CarTrace-phone\Resources\android\appicon.png => D:\Developer\workspace\workspace_titanium\CarTrace-phone\build\android\bin\assets\Resources\appicon.png
[TRACE] COPYING CREATED FILE: D:\Developer\workspace\workspace_titanium\CarTrace-phone\Resources\android\default.png => D:\Developer\workspace\workspace_titanium\CarTrace-phone\build\android\bin\assets\Resources\default.png
[TRACE] COPYING CREATED FILE: D:\Developer\workspace\workspace_titanium\CarTrace-phone\Resources\android\gcm.js => D:\Developer\workspace\workspace_titanium\CarTrace-phone\build\android\bin\assets\Resources\gcm.js
[TRACE] COPYING CREATED FILE: D:\Developer\workspace\workspace_titanium\CarTrace-phone\Resources\app.js => D:\Developer\workspace\workspace_titanium\CarTrace-phone\build\android\bin\assets\Resources\app.js
[TRACE] COPYING CREATED FILE: D:\Developer\workspace\workspace_titanium\CarTrace-phone\Resources\common_ct.js => D:\Developer\workspace\workspace_titanium\CarTrace-phone\build\android\bin\assets\Resources\common_ct.js
[TRACE] COPYING CREATED FILE: D:\Developer\workspace\workspace_titanium\CarTrace-phone\Resources\common_db_match.js => D:\Developer\workspace\workspace_titanium\CarTrace-phone\build\android\bin\assets\Resources\common_db_match.js
[TRACE] COPYING CREATED FILE: D:\Developer\workspace\workspace_titanium\CarTrace-phone\Resources\common_db_phone.js => D:\Developer\workspace\workspace_titanium\CarTrace-phone\build\android\bin\assets\Resources\common_db_phone.js
[TRACE] COPYING CREATED FILE: D:\Developer\workspace\workspace_titanium\CarTrace-phone\Resources\common_webapi.js => D:\Developer\workspace\workspace_titanium\CarTrace-phone\build\android\bin\assets\Resources\common_webapi.js
[TRACE] COPYING CREATED FILE: D:\Developer\workspace\workspace_titanium\CarTrace-phone\Resources\tizen\appicon.png => D:\Developer\workspace\workspace_titanium\CarTrace-phone\build\android\bin\assets\Resources\tizen\appicon.png
[DEBUG] LiveView not enabled
[TRACE] Generating Java Classes
[DEBUG] Processing Android resource drawables
[INFO] Copying platform-specific files for 'gcmjs' module
[DEBUG] app stylesheet => D:\Developer\workspace\workspace_titanium\CarTrace-phone\build\android\gen\org\luke\ct\phone\ApplicationStylesheet.java
[DEBUG] copying app icon: D:\Developer\workspace\workspace_titanium\CarTrace-phone\build\android\bin\assets\Resources\appicon.png
[DEBUG] generating theme.xml
[DEBUG] found drawable-long-land-hdpi splash screen at D:\Developer\workspace\workspace_titanium\CarTrace-phone\Resources\android\images\res-long-land-hdpi\default.png
[DEBUG] copying D:\Developer\workspace\workspace_titanium\CarTrace-phone\Resources\android\images\res-long-land-hdpi\default.png splash screen to D:\Developer\workspace\workspace_titanium\CarTrace-phone\build\android\res\drawable-long-land-hdpi\background.png
[DEBUG] found drawable-long-land-ldpi splash screen at D:\Developer\workspace\workspace_titanium\CarTrace-phone\Resources\android\images\res-long-land-ldpi\default.png
[DEBUG] copying D:\Developer\workspace\workspace_titanium\CarTrace-phone\Resources\android\images\res-long-land-ldpi\default.png splash screen to D:\Developer\workspace\workspace_titanium\CarTrace-phone\build\android\res\drawable-long-land-ldpi\background.png
[DEBUG] found drawable-long-port-hdpi splash screen at D:\Developer\workspace\workspace_titanium\CarTrace-phone\Resources\android\images\res-long-port-hdpi\default.png
[DEBUG] copying D:\Developer\workspace\workspace_titanium\CarTrace-phone\Resources\android\images\res-long-port-hdpi\default.png splash screen to D:\Developer\workspace\workspace_titanium\CarTrace-phone\build\android\res\drawable-long-port-hdpi\background.png
[DEBUG] found drawable-long-port-ldpi splash screen at D:\Developer\workspace\workspace_titanium\CarTrace-phone\Resources\android\images\res-long-port-ldpi\default.png
[DEBUG] copying D:\Developer\workspace\workspace_titanium\CarTrace-phone\Resources\android\images\res-long-port-ldpi\default.png splash screen to D:\Developer\workspace\workspace_titanium\CarTrace-phone\build\android\res\drawable-long-port-ldpi\background.png
[DEBUG] found drawable-notlong-land-hdpi splash screen at D:\Developer\workspace\workspace_titanium\CarTrace-phone\Resources\android\images\res-notlong-land-hdpi\default.png
[DEBUG] copying D:\Developer\workspace\workspace_titanium\CarTrace-phone\Resources\android\images\res-notlong-land-hdpi\default.png splash screen to D:\Developer\workspace\workspace_titanium\CarTrace-phone\build\android\res\drawable-notlong-land-hdpi\background.png
[DEBUG] found drawable-notlong-land-ldpi splash screen at D:\Developer\workspace\workspace_titanium\CarTrace-phone\Resources\android\images\res-notlong-land-ldpi\default.png
[DEBUG] copying D:\Developer\workspace\workspace_titanium\CarTrace-phone\Resources\android\images\res-notlong-land-ldpi\default.png splash screen to D:\Developer\workspace\workspace_titanium\CarTrace-phone\build\android\res\drawable-notlong-land-ldpi\background.png
[DEBUG] found drawable-notlong-land-mdpi splash screen at D:\Developer\workspace\workspace_titanium\CarTrace-phone\Resources\android\images\res-notlong-land-mdpi\default.png
[DEBUG] copying D:\Developer\workspace\workspace_titanium\CarTrace-phone\Resources\android\images\res-notlong-land-mdpi\default.png splash screen to D:\Developer\workspace\workspace_titanium\CarTrace-phone\build\android\res\drawable-notlong-land-mdpi\background.png
[DEBUG] found drawable-notlong-port-hdpi splash screen at D:\Developer\workspace\workspace_titanium\CarTrace-phone\Resources\android\images\res-notlong-port-hdpi\default.png
[DEBUG] copying D:\Developer\workspace\workspace_titanium\CarTrace-phone\Resources\android\images\res-notlong-port-hdpi\default.png splash screen to D:\Developer\workspace\workspace_titanium\CarTrace-phone\build\android\res\drawable-notlong-port-hdpi\background.png
[DEBUG] found drawable-notlong-port-ldpi splash screen at D:\Developer\workspace\workspace_titanium\CarTrace-phone\Resources\android\images\res-notlong-port-ldpi\default.png
[DEBUG] copying D:\Developer\workspace\workspace_titanium\CarTrace-phone\Resources\android\images\res-notlong-port-ldpi\default.png splash screen to D:\Developer\workspace\workspace_titanium\CarTrace-phone\build\android\res\drawable-notlong-port-ldpi\background.png
[DEBUG] found drawable-notlong-port-mdpi splash screen at D:\Developer\workspace\workspace_titanium\CarTrace-phone\Resources\android\images\res-notlong-port-mdpi\default.png
[DEBUG] copying D:\Developer\workspace\workspace_titanium\CarTrace-phone\Resources\android\images\res-notlong-port-mdpi\default.png splash screen to D:\Developer\workspace\workspace_titanium\CarTrace-phone\build\android\res\drawable-notlong-port-mdpi\background.png
[DEBUG] found splash screen at D:\Developer\workspace\workspace_titanium\CarTrace-phone\build\android\bin\assets\Resources\default.png
[TRACE] Writing out AndroidManifest.xml
[DEBUG] adding D:\Developer\workspace\workspace_titanium\CarTrace-phone\build\android\gen\org\luke\ct\phone\ApplicationStylesheet.java to javac build list
[DEBUG] adding D:\Developer\workspace\workspace_titanium\CarTrace-phone\build\android\gen\org\luke\ct\phone\CartraceCarActivity.java to javac build list
[DEBUG] adding D:\Developer\workspace\workspace_titanium\CarTrace-phone\build\android\gen\org\luke\ct\phone\CartraceCarAppInfo.java to javac build list
[DEBUG] adding D:\Developer\workspace\workspace_titanium\CarTrace-phone\build\android\gen\org\luke\ct\phone\CartraceCarApplication.java to javac build list
[DEBUG] adding D:\Developer\workspace\workspace_titanium\CarTrace-phone\build\android\gen\org\luke\ct\phone\Manifest.java to javac build list
[DEBUG] adding D:\Developer\workspace\workspace_titanium\CarTrace-phone\build\android\gen\org\luke\ct\phone\R.java to javac build list
[DEBUG] Building Java Sources: "D:\\Developer\\workspace\\workspace_titanium\\CarTrace-phone\\build\\android\\gen\\org\\luke\\ct\\phone\\ApplicationStylesheet.java" "D:\\Developer\\workspace\\workspace_titanium\\CarTrace-phone\\build\\android\\gen\\org\\luke\\ct\\phone\\CartraceCarActivity.java" "D:\\Developer\\workspace\\workspace_titanium\\CarTrace-phone\\build\\android\\gen\\org\\luke\\ct\\phone\\CartraceCarAppInfo.java" "D:\\Developer\\workspace\\workspace_titanium\\CarTrace-phone\\build\\android\\gen\\org\\luke\\ct\\phone\\CartraceCarApplication.java" "D:\\Developer\\workspace\\workspace_titanium\\CarTrace-phone\\build\\android\\gen\\org\\luke\\ct\\phone\\Manifest.java" "D:\\Developer\\workspace\\workspace_titanium\\CarTrace-phone\\build\\android\\gen\\org\\luke\\ct\\phone\\R.java"
[INFO] Compiling Android Resources... This could take some time
[DEBUG] Android classes.dex built
[DEBUG] creating unsigned apk: D:\Developer\workspace\workspace_titanium\CarTrace-phone\build\android\bin\app-unsigned.apk
[DEBUG] from resource zip => assets/Resources/alloy/controllers/BaseController.js
[DEBUG] from resource zip => assets/Resources/alloy/controllers/header.js
[DEBUG] from resource zip => assets/Resources/alloy/controllers/index.js
[DEBUG] from resource zip => assets/Resources/alloy/controllers/match.js
[DEBUG] from resource zip => assets/Resources/alloy/models/Mymatches.js
[DEBUG] from resource zip => assets/Resources/alloy/models/Myphones.js
[DEBUG] from resource zip => assets/Resources/alloy/styles/header.js
[DEBUG] from resource zip => assets/Resources/alloy/styles/index.js
[DEBUG] from resource zip => assets/Resources/alloy/styles/match.js
[DEBUG] from resource zip => assets/Resources/alloy/sync/localStorage.js
[DEBUG] from resource zip => assets/Resources/alloy/sync/properties.js
[DEBUG] from resource zip => assets/Resources/alloy/sync/sql.js
[DEBUG] from resource zip => assets/Resources/alloy/sync/util.js
[DEBUG] from resource zip => assets/Resources/alloy/CFG.js
[DEBUG] from resource zip => assets/Resources/alloy/backbone.js
[DEBUG] from resource zip => assets/Resources/alloy/constants.js
[DEBUG] from resource zip => assets/Resources/alloy/underscore.js
[DEBUG] from resource zip => assets/Resources/alloy/widget.js
[DEBUG] from resource zip => assets/Resources/tizen/appicon.png
[DEBUG] from resource zip => assets/Resources/alloy.js
[DEBUG] from resource zip => assets/Resources/app.js
[DEBUG] from resource zip => assets/Resources/appicon.png
[DEBUG] from resource zip => assets/Resources/common_ct.js
[DEBUG] from resource zip => assets/Resources/common_db_match.js
[DEBUG] from resource zip => assets/Resources/common_db_phone.js
[DEBUG] from resource zip => assets/Resources/common_webapi.js
[DEBUG] from resource zip => assets/Resources/default.png
[DEBUG] from resource zip => assets/Resources/gcm.js
[DEBUG] from resource zip => assets/app.json
[DEBUG] from resource zip => assets/index.json
[DEBUG] from resource zip => res/drawable/appicon.png
[DEBUG] from resource zip => res/drawable/background.png
[DEBUG] from resource zip => res/drawable/btn_check_buttonless_on_64.png
[DEBUG] from resource zip => res/drawable/btn_more_64.png
[DEBUG] from resource zip => res/drawable/disclosure_64.png
[DEBUG] from resource zip => res/layout/titanium_tabgroup.xml
[DEBUG] from resource zip => res/layout/titanium_ui_list_header_or_footer.xml
[DEBUG] from resource zip => res/layout/titanium_ui_list_item.xml
[DEBUG] from resource zip => AndroidManifest.xml
[DEBUG] from resource zip => resources.arsc
[DEBUG] from resource zip => res/drawable-long-land-hdpi/background.png
[DEBUG] from resource zip => res/drawable-long-land-ldpi/background.png
[DEBUG] from resource zip => res/drawable-long-port-hdpi/background.png
[DEBUG] from resource zip => res/drawable-long-port-ldpi/background.png
[DEBUG] from resource zip => res/drawable-notlong-land-hdpi/background.png
[DEBUG] from resource zip => res/drawable-notlong-land-ldpi/background.png
[DEBUG] from resource zip => res/drawable-notlong-land-mdpi/background.png
[DEBUG] from resource zip => res/drawable-notlong-port-hdpi/background.png
[DEBUG] from resource zip => res/drawable-notlong-port-ldpi/background.png
[DEBUG] from resource zip => res/drawable-notlong-port-mdpi/background.png
[DEBUG] from JAR C:\Users\luke\AppData\Roaming\Titanium\mobilesdk\win32\3.1.3.GA\android\thirdparty.jar => org/apache/Commons-NOTICE.txt
[DEBUG] from JAR C:\Users\luke\AppData\Roaming\Titanium\mobilesdk\win32\3.1.3.GA\android\thirdparty.jar => org/apache/HttpComponents-NOTICE.txt
[DEBUG] from JAR C:\Users\luke\AppData\Roaming\Titanium\mobilesdk\win32\3.1.3.GA\android\thirdparty.jar => org/apache/mime4j-NOTICE.txt
[DEBUG] from JAR C:\Users\luke\AppData\Roaming\Titanium\mobilesdk\win32\3.1.3.GA\android\modules\titanium-ui.jar => ti/modules/titanium/ui/widget/webview/binding.js
[DEBUG] from JAR C:\Users\luke\AppData\Roaming\Titanium\mobilesdk\win32\3.1.3.GA\android\modules\titanium-ui.jar => ti/modules/titanium/ui/widget/webview/binding.min.js
[DEBUG] from JAR C:\Users\luke\AppData\Roaming\Titanium\mobilesdk\win32\3.1.3.GA\android\modules\titanium-ui.jar => ti/modules/titanium/ui/widget/webview/json2.js
[DEBUG] from JAR C:\Users\luke\AppData\Roaming\Titanium\mobilesdk\win32\3.1.3.GA\android\modules\titanium-ui.jar => ti/modules/titanium/ui/widget/webview/polling.js
[DEBUG] from JAR C:\Users\luke\AppData\Roaming\Titanium\mobilesdk\win32\3.1.3.GA\android\modules\titanium-ui.jar => ti/modules/titanium/ui/widget/webview/polling.min.js
[DEBUG] from JAR C:\Users\luke\AppData\Roaming\Titanium\mobilesdk\win32\3.1.3.GA\android\titanium.jar => org/appcelerator/titanium/build.properties
[DEBUG] from JAR C:\Users\luke\AppData\Roaming\Titanium\mobilesdk\win32\3.1.3.GA\android\titanium.jar => org/appcelerator/titanium/res/drawable/background.png
[DEBUG] from JAR C:\Users\luke\AppData\Roaming\Titanium\mobilesdk\win32\3.1.3.GA\android\titanium.jar => org/appcelerator/titanium/res/drawable/btn_check_buttonless_on.png
[DEBUG] from JAR C:\Users\luke\AppData\Roaming\Titanium\mobilesdk\win32\3.1.3.GA\android\titanium.jar => org/appcelerator/titanium/res/drawable/btn_check_buttonless_on_18.png
[DEBUG] from JAR C:\Users\luke\AppData\Roaming\Titanium\mobilesdk\win32\3.1.3.GA\android\titanium.jar => org/appcelerator/titanium/res/drawable/btn_check_buttonless_on_48.png
[DEBUG] from JAR C:\Users\luke\AppData\Roaming\Titanium\mobilesdk\win32\3.1.3.GA\android\titanium.jar => org/appcelerator/titanium/res/drawable/btn_check_buttonless_on_64.png
[DEBUG] from JAR C:\Users\luke\AppData\Roaming\Titanium\mobilesdk\win32\3.1.3.GA\android\titanium.jar => org/appcelerator/titanium/res/drawable/btn_more.png
[DEBUG] from JAR C:\Users\luke\AppData\Roaming\Titanium\mobilesdk\win32\3.1.3.GA\android\titanium.jar => org/appcelerator/titanium/res/drawable/btn_more_18.png
[DEBUG] from JAR C:\Users\luke\AppData\Roaming\Titanium\mobilesdk\win32\3.1.3.GA\android\titanium.jar => org/appcelerator/titanium/res/drawable/btn_more_48.png
[DEBUG] from JAR C:\Users\luke\AppData\Roaming\Titanium\mobilesdk\win32\3.1.3.GA\android\titanium.jar => org/appcelerator/titanium/res/drawable/btn_more_64.png
[DEBUG] from JAR C:\Users\luke\AppData\Roaming\Titanium\mobilesdk\win32\3.1.3.GA\android\titanium.jar => org/appcelerator/titanium/res/drawable/btn_picker_normal.9.png
[DEBUG] from JAR C:\Users\luke\AppData\Roaming\Titanium\mobilesdk\win32\3.1.3.GA\android\titanium.jar => org/appcelerator/titanium/res/drawable/btn_picker_pressed.9.png
[DEBUG] from JAR C:\Users\luke\AppData\Roaming\Titanium\mobilesdk\win32\3.1.3.GA\android\titanium.jar => org/appcelerator/titanium/res/drawable/btn_picker_selected.9.png
[DEBUG] from JAR C:\Users\luke\AppData\Roaming\Titanium\mobilesdk\win32\3.1.3.GA\android\titanium.jar => org/appcelerator/titanium/res/drawable/default_icon.png
[DEBUG] from JAR C:\Users\luke\AppData\Roaming\Titanium\mobilesdk\win32\3.1.3.GA\android\titanium.jar => org/appcelerator/titanium/res/drawable/photoDefault.png
[DEBUG] installing native lib: D:\Developer\workspace\workspace_titanium\CarTrace-phone\modules\android\net.iamyellow.gcmjs\0.2\libs\armeabi\libnet.iamyellow.gcmjs.so
[DEBUG] installing native lib: D:\Developer\workspace\workspace_titanium\CarTrace-phone\modules\android\net.iamyellow.gcmjs\0.2\libs\armeabi-v7a\libnet.iamyellow.gcmjs.so
[DEBUG] installing native lib: D:\Developer\workspace\workspace_titanium\CarTrace-phone\modules\android\net.iamyellow.gcmjs\0.2\libs\x86\libnet.iamyellow.gcmjs.so
[DEBUG] installing native SDK libs
[DEBUG] Waiting for device to be ready ...
[TRACE] adb devices returned 1 devices/emulators
[DEBUG] Device connected... (waited 0 seconds)
[DEBUG] waited 0.028000 seconds on emulator to get ready
[INFO] Installing application on device
[INFO] Application installed. Launch from drawer on Home Screen
